<?xml version="1.0" encoding="UTF-8"?>
<testng-results ignored="0" total="1" passed="1" failed="0" skipped="0">
  <reporter-output>
  </reporter-output>
  <suite started-at="2025-04-14T12:35:44 IST" name="Default suite" finished-at="2025-04-14T12:36:11 IST" duration-ms="27420">
    <groups>
    </groups>
    <test started-at="2025-04-14T12:35:44 IST" name="Default test" finished-at="2025-04-14T12:36:11 IST" duration-ms="27420">
      <class name="com.BB.testcases.LoginTest">
        <test-method is-config="true" signature="setup()[pri:0, instance:com.BB.testcases.LoginTest@66f57048]" started-at="2025-04-14T12:35:44 IST" name="setup" finished-at="2025-04-14T12:36:02 IST" duration-ms="17944" status="PASS">
          <reporter-output>
          </reporter-output>
        </test-method> <!-- setup -->
        <test-method signature="VerifyLogin()[pri:0, instance:com.BB.testcases.LoginTest@66f57048]" started-at="2025-04-14T12:36:02 IST" name="VerifyLogin" finished-at="2025-04-14T12:36:11 IST" duration-ms="8874" status="PASS">
          <reporter-output>
          </reporter-output>
        </test-method> <!-- VerifyLogin -->
        <test-method is-config="true" signature="tearDown()[pri:0, instance:com.BB.testcases.LoginTest@66f57048]" started-at="2025-04-14T12:36:11 IST" name="tearDown" finished-at="2025-04-14T12:36:11 IST" duration-ms="549" status="PASS">
          <reporter-output>
          </reporter-output>
        </test-method> <!-- tearDown -->
      </class> <!-- com.BB.testcases.LoginTest -->
    </test> <!-- Default test -->
  </suite> <!-- Default suite -->
</testng-results>
